[2024-03-11 02:23:16,787] INFO [ControllerEventThread controllerId=0] Starting (kafka.controller.ControllerEventManager$ControllerEventThread)
[2024-03-11 02:23:16,805] INFO [Controller id=0] 0 successfully elected as the controller. Epoch incremented to 1 and epoch zk version is now 1 (kafka.controller.KafkaController)
[2024-03-11 02:23:16,807] INFO [Controller id=0] Creating FeatureZNode at path: /feature with contents: FeatureZNode(2,Enabled,Map()) (kafka.controller.KafkaController)
[2024-03-11 02:23:16,832] INFO [Controller id=0] Registering handlers (kafka.controller.KafkaController)
[2024-03-11 02:23:16,833] INFO [Controller id=0] Deleting log dir event notifications (kafka.controller.KafkaController)
[2024-03-11 02:23:16,835] INFO [Controller id=0] Deleting isr change notifications (kafka.controller.KafkaController)
[2024-03-11 02:23:16,837] INFO [Controller id=0] Initializing controller context (kafka.controller.KafkaController)
[2024-03-11 02:23:16,846] INFO [Controller id=0] Initialized broker epochs cache: HashMap(0 -> 25) (kafka.controller.KafkaController)
[2024-03-11 02:23:16,852] DEBUG [Controller id=0] Register BrokerModifications handler for Set(0) (kafka.controller.KafkaController)
[2024-03-11 02:23:16,857] DEBUG [Channel manager on controller 0]: Controller 0 trying to connect to broker 0 (kafka.controller.ControllerChannelManager)
[2024-03-11 02:23:16,864] INFO [RequestSendThread controllerId=0] Starting (kafka.controller.RequestSendThread)
[2024-03-11 02:23:16,866] INFO [Controller id=0] Currently active brokers in the cluster: Set(0) (kafka.controller.KafkaController)
[2024-03-11 02:23:16,866] INFO [Controller id=0] Currently shutting brokers in the cluster: HashSet() (kafka.controller.KafkaController)
[2024-03-11 02:23:16,867] INFO [Controller id=0] Current list of topics in the cluster: HashSet() (kafka.controller.KafkaController)
[2024-03-11 02:23:16,867] INFO [Controller id=0] Fetching topic deletions in progress (kafka.controller.KafkaController)
[2024-03-11 02:23:16,868] INFO [Controller id=0] List of topics to be deleted:  (kafka.controller.KafkaController)
[2024-03-11 02:23:16,869] INFO [Controller id=0] List of topics ineligible for deletion:  (kafka.controller.KafkaController)
[2024-03-11 02:23:16,870] INFO [Controller id=0] Initializing topic deletion manager (kafka.controller.KafkaController)
[2024-03-11 02:23:16,870] INFO [Topic Deletion Manager 0] Initializing manager with initial deletions: Set(), initial ineligible deletions: HashSet() (kafka.controller.TopicDeletionManager)
[2024-03-11 02:23:16,880] INFO [Controller id=0] Sending update metadata request (kafka.controller.KafkaController)
[2024-03-11 02:23:16,891] INFO [ReplicaStateMachine controllerId=0] Initializing replica state (kafka.controller.ZkReplicaStateMachine)
[2024-03-11 02:23:16,891] INFO [ReplicaStateMachine controllerId=0] Triggering online replica state changes (kafka.controller.ZkReplicaStateMachine)
[2024-03-11 02:23:16,898] INFO [ReplicaStateMachine controllerId=0] Triggering offline replica state changes (kafka.controller.ZkReplicaStateMachine)
[2024-03-11 02:23:16,898] DEBUG [ReplicaStateMachine controllerId=0] Started replica state machine with initial state -> HashMap() (kafka.controller.ZkReplicaStateMachine)
[2024-03-11 02:23:16,898] INFO [PartitionStateMachine controllerId=0] Initializing partition state (kafka.controller.ZkPartitionStateMachine)
[2024-03-11 02:23:16,899] INFO [PartitionStateMachine controllerId=0] Triggering online partition state changes (kafka.controller.ZkPartitionStateMachine)
[2024-03-11 02:23:16,902] DEBUG [PartitionStateMachine controllerId=0] Started partition state machine with initial state -> HashMap() (kafka.controller.ZkPartitionStateMachine)
[2024-03-11 02:23:16,902] INFO [Controller id=0] Ready to serve as the new controller with epoch 1 (kafka.controller.KafkaController)
[2024-03-11 02:23:16,905] INFO [Controller id=0] Partitions undergoing preferred replica election:  (kafka.controller.KafkaController)
[2024-03-11 02:23:16,905] INFO [Controller id=0] Partitions that completed preferred replica election:  (kafka.controller.KafkaController)
[2024-03-11 02:23:16,905] INFO [Controller id=0] Skipping preferred replica election for partitions due to topic deletion:  (kafka.controller.KafkaController)
[2024-03-11 02:23:16,905] INFO [Controller id=0] Resuming preferred replica election for partitions:  (kafka.controller.KafkaController)
[2024-03-11 02:23:16,906] INFO [Controller id=0] Starting replica leader election (PREFERRED) for partitions  triggered by ZkTriggered (kafka.controller.KafkaController)
[2024-03-11 02:23:16,917] INFO [Controller id=0] Starting the controller scheduler (kafka.controller.KafkaController)
[2024-03-11 02:23:17,400] INFO [RequestSendThread controllerId=0] Controller 0 connected to Koushik.mynetworksettings.com:9092 (id: 0 rack: null) for sending state change requests (kafka.controller.RequestSendThread)
[2024-03-11 02:23:21,919] INFO [Controller id=0] Processing automatic preferred replica leader election (kafka.controller.KafkaController)
[2024-03-11 02:23:21,920] TRACE [Controller id=0] Checking need to trigger auto leader balancing (kafka.controller.KafkaController)
[2024-03-11 02:24:49,993] INFO [Controller id=0] Shutting down broker 0 (kafka.controller.KafkaController)
[2024-03-11 02:24:49,993] DEBUG [Controller id=0] All shutting down brokers: 0 (kafka.controller.KafkaController)
[2024-03-11 02:24:49,994] DEBUG [Controller id=0] Live brokers:  (kafka.controller.KafkaController)
[2024-03-11 02:24:49,995] TRACE [Controller id=0] All leaders =  (kafka.controller.KafkaController)
[2024-03-11 02:24:50,050] INFO [ControllerEventThread controllerId=0] Shutting down (kafka.controller.ControllerEventManager$ControllerEventThread)
[2024-03-11 02:24:50,050] INFO [ControllerEventThread controllerId=0] Stopped (kafka.controller.ControllerEventManager$ControllerEventThread)
[2024-03-11 02:24:50,050] INFO [ControllerEventThread controllerId=0] Shutdown completed (kafka.controller.ControllerEventManager$ControllerEventThread)
[2024-03-11 02:24:50,050] DEBUG [Controller id=0] Resigning (kafka.controller.KafkaController)
[2024-03-11 02:24:50,051] DEBUG [Controller id=0] Unregister BrokerModifications handler for Set(0) (kafka.controller.KafkaController)
[2024-03-11 02:24:50,051] INFO [PartitionStateMachine controllerId=0] Stopped partition state machine (kafka.controller.ZkPartitionStateMachine)
[2024-03-11 02:24:50,051] INFO [ReplicaStateMachine controllerId=0] Stopped replica state machine (kafka.controller.ZkReplicaStateMachine)
[2024-03-11 02:24:50,052] INFO [RequestSendThread controllerId=0] Shutting down (kafka.controller.RequestSendThread)
[2024-03-11 02:24:50,052] INFO [RequestSendThread controllerId=0] Stopped (kafka.controller.RequestSendThread)
[2024-03-11 02:24:50,052] INFO [RequestSendThread controllerId=0] Shutdown completed (kafka.controller.RequestSendThread)
[2024-03-11 02:24:50,052] INFO [Controller id=0] Resigned (kafka.controller.KafkaController)
