[2024-03-11T02:59:03.951-0400][gc,init] CardTable entry size: 512
[2024-03-11T02:59:03.952-0400][gc     ] Using G1
[2024-03-11T02:59:03.956-0400][gc,init] Version: 21.0.2+13-LTS-58 (release)
[2024-03-11T02:59:03.956-0400][gc,init] CPUs: 16 total, 16 available
[2024-03-11T02:59:03.956-0400][gc,init] Memory: 31936M
[2024-03-11T02:59:03.956-0400][gc,init] Large Page Support: Disabled
[2024-03-11T02:59:03.956-0400][gc,init] NUMA Support: Disabled
[2024-03-11T02:59:03.956-0400][gc,init] Compressed Oops: Enabled (32-bit)
[2024-03-11T02:59:03.956-0400][gc,init] Heap Region Size: 1M
[2024-03-11T02:59:03.956-0400][gc,init] Heap Min Capacity: 1G
[2024-03-11T02:59:03.956-0400][gc,init] Heap Initial Capacity: 1G
[2024-03-11T02:59:03.956-0400][gc,init] Heap Max Capacity: 1G
[2024-03-11T02:59:03.956-0400][gc,init] Pre-touch: Disabled
[2024-03-11T02:59:03.956-0400][gc,init] Parallel Workers: 13
[2024-03-11T02:59:03.956-0400][gc,init] Concurrent Workers: 3
[2024-03-11T02:59:03.956-0400][gc,init] Concurrent Refinement Workers: 13
[2024-03-11T02:59:03.956-0400][gc,init] Periodic GC: Disabled
[2024-03-11T02:59:03.962-0400][gc,metaspace] CDS archive(s) mapped at: [0x0000011435000000-0x0000011435c90000-0x0000011435c90000), size 13172736, SharedBaseAddress: 0x0000011435000000, ArchiveRelocationMode: 1.
[2024-03-11T02:59:03.962-0400][gc,metaspace] Compressed class space mapped at: 0x0000011436000000-0x0000011476000000, reserved size: 1073741824
[2024-03-11T02:59:03.962-0400][gc,metaspace] Narrow klass base: 0x0000011435000000, Narrow klass shift: 0, Narrow klass range: 0x100000000
[2024-03-11T02:59:04.685-0400][gc,start    ] GC(0) Pause Young (Normal) (G1 Evacuation Pause)
[2024-03-11T02:59:04.686-0400][gc,task     ] GC(0) Using 13 workers of 13 for evacuation
[2024-03-11T02:59:04.688-0400][gc,phases   ] GC(0)   Pre Evacuate Collection Set: 0.1ms
[2024-03-11T02:59:04.689-0400][gc,phases   ] GC(0)   Merge Heap Roots: 0.1ms
[2024-03-11T02:59:04.689-0400][gc,phases   ] GC(0)   Evacuate Collection Set: 2.5ms
[2024-03-11T02:59:04.689-0400][gc,phases   ] GC(0)   Post Evacuate Collection Set: 0.3ms
[2024-03-11T02:59:04.689-0400][gc,phases   ] GC(0)   Other: 0.3ms
[2024-03-11T02:59:04.689-0400][gc,heap     ] GC(0) Eden regions: 51->0(44)
[2024-03-11T02:59:04.689-0400][gc,heap     ] GC(0) Survivor regions: 0->7(7)
[2024-03-11T02:59:04.689-0400][gc,heap     ] GC(0) Old regions: 0->2
[2024-03-11T02:59:04.689-0400][gc,heap     ] GC(0) Humongous regions: 0->0
[2024-03-11T02:59:04.689-0400][gc,metaspace] GC(0) Metaspace: 17458K(17728K)->17458K(17728K) NonClass: 15445K(15616K)->15445K(15616K) Class: 2013K(2112K)->2013K(2112K)
[2024-03-11T02:59:04.689-0400][gc          ] GC(0) Pause Young (Normal) (G1 Evacuation Pause) 51M->8M(1024M) 3.510ms
[2024-03-11T02:59:04.689-0400][gc,cpu      ] GC(0) User=0.00s Sys=0.00s Real=0.00s
[2024-03-11T02:59:04.808-0400][gc,start    ] GC(1) Pause Young (Concurrent Start) (Metadata GC Threshold)
[2024-03-11T02:59:04.808-0400][gc,task     ] GC(1) Using 13 workers of 13 for evacuation
[2024-03-11T02:59:04.810-0400][gc,phases   ] GC(1)   Pre Evacuate Collection Set: 0.1ms
[2024-03-11T02:59:04.810-0400][gc,phases   ] GC(1)   Merge Heap Roots: 0.0ms
[2024-03-11T02:59:04.810-0400][gc,phases   ] GC(1)   Evacuate Collection Set: 1.7ms
[2024-03-11T02:59:04.810-0400][gc,phases   ] GC(1)   Post Evacuate Collection Set: 0.2ms
[2024-03-11T02:59:04.810-0400][gc,phases   ] GC(1)   Other: 0.1ms
[2024-03-11T02:59:04.810-0400][gc,heap     ] GC(1) Eden regions: 14->0(49)
[2024-03-11T02:59:04.810-0400][gc,heap     ] GC(1) Survivor regions: 7->2(7)
[2024-03-11T02:59:04.810-0400][gc,heap     ] GC(1) Old regions: 2->10
[2024-03-11T02:59:04.810-0400][gc,heap     ] GC(1) Humongous regions: 0->0
[2024-03-11T02:59:04.810-0400][gc,metaspace] GC(1) Metaspace: 21307K(21504K)->21307K(21504K) NonClass: 18843K(18944K)->18843K(18944K) Class: 2464K(2560K)->2464K(2560K)
[2024-03-11T02:59:04.810-0400][gc          ] GC(1) Pause Young (Concurrent Start) (Metadata GC Threshold) 22M->10M(1024M) 2.189ms
[2024-03-11T02:59:04.810-0400][gc,cpu      ] GC(1) User=0.00s Sys=0.00s Real=0.00s
[2024-03-11T02:59:04.810-0400][gc          ] GC(2) Concurrent Mark Cycle
[2024-03-11T02:59:04.810-0400][gc,marking  ] GC(2) Concurrent Scan Root Regions
[2024-03-11T02:59:04.811-0400][gc,marking  ] GC(2) Concurrent Scan Root Regions 0.674ms
[2024-03-11T02:59:04.811-0400][gc,marking  ] GC(2) Concurrent Mark
[2024-03-11T02:59:04.811-0400][gc,marking  ] GC(2) Concurrent Mark From Roots
[2024-03-11T02:59:04.811-0400][gc,task     ] GC(2) Using 3 workers of 3 for marking
[2024-03-11T02:59:04.812-0400][gc,marking  ] GC(2) Concurrent Mark From Roots 0.828ms
[2024-03-11T02:59:04.812-0400][gc,marking  ] GC(2) Concurrent Preclean
[2024-03-11T02:59:04.812-0400][gc,marking  ] GC(2) Concurrent Preclean 0.009ms
[2024-03-11T02:59:04.812-0400][gc,start    ] GC(2) Pause Remark
[2024-03-11T02:59:04.812-0400][gc          ] GC(2) Pause Remark 10M->10M(1024M) 0.723ms
[2024-03-11T02:59:04.812-0400][gc,cpu      ] GC(2) User=0.00s Sys=0.00s Real=0.00s
[2024-03-11T02:59:04.812-0400][gc,marking  ] GC(2) Concurrent Mark 1.661ms
[2024-03-11T02:59:04.812-0400][gc,marking  ] GC(2) Concurrent Rebuild Remembered Sets and Scrub Regions
[2024-03-11T02:59:04.813-0400][gc,marking  ] GC(2) Concurrent Rebuild Remembered Sets and Scrub Regions 0.614ms
[2024-03-11T02:59:04.813-0400][gc,start    ] GC(2) Pause Cleanup
[2024-03-11T02:59:04.813-0400][gc          ] GC(2) Pause Cleanup 10M->10M(1024M) 0.118ms
[2024-03-11T02:59:04.813-0400][gc,cpu      ] GC(2) User=0.00s Sys=0.00s Real=0.00s
[2024-03-11T02:59:04.813-0400][gc,marking  ] GC(2) Concurrent Clear Claimed Marks
[2024-03-11T02:59:04.813-0400][gc,marking  ] GC(2) Concurrent Clear Claimed Marks 0.017ms
[2024-03-11T02:59:04.813-0400][gc,marking  ] GC(2) Concurrent Cleanup for Next Mark
[2024-03-11T02:59:04.815-0400][gc,marking  ] GC(2) Concurrent Cleanup for Next Mark 1.899ms
[2024-03-11T02:59:04.815-0400][gc          ] GC(2) Concurrent Mark Cycle 5.175ms
[2024-03-11T02:59:05.359-0400][gc,start    ] GC(3) Pause Young (Normal) (G1 Evacuation Pause)
[2024-03-11T02:59:05.359-0400][gc,task     ] GC(3) Using 13 workers of 13 for evacuation
[2024-03-11T02:59:05.360-0400][gc,phases   ] GC(3)   Pre Evacuate Collection Set: 0.1ms
[2024-03-11T02:59:05.360-0400][gc,phases   ] GC(3)   Merge Heap Roots: 0.0ms
[2024-03-11T02:59:05.360-0400][gc,phases   ] GC(3)   Evacuate Collection Set: 1.3ms
[2024-03-11T02:59:05.361-0400][gc,phases   ] GC(3)   Post Evacuate Collection Set: 0.2ms
[2024-03-11T02:59:05.361-0400][gc,phases   ] GC(3)   Other: 0.0ms
[2024-03-11T02:59:05.361-0400][gc,heap     ] GC(3) Eden regions: 49->0(44)
[2024-03-11T02:59:05.361-0400][gc,heap     ] GC(3) Survivor regions: 2->7(7)
[2024-03-11T02:59:05.361-0400][gc,heap     ] GC(3) Old regions: 10->10
[2024-03-11T02:59:05.361-0400][gc,heap     ] GC(3) Humongous regions: 129->129
[2024-03-11T02:59:05.361-0400][gc,metaspace] GC(3) Metaspace: 32799K(33088K)->32799K(33088K) NonClass: 29222K(29376K)->29222K(29376K) Class: 3577K(3712K)->3577K(3712K)
[2024-03-11T02:59:05.361-0400][gc          ] GC(3) Pause Young (Normal) (G1 Evacuation Pause) 188M->144M(1024M) 1.815ms
[2024-03-11T02:59:05.361-0400][gc,cpu      ] GC(3) User=0.00s Sys=0.00s Real=0.00s
[2024-03-11T02:59:05.925-0400][gc,start    ] GC(4) Pause Young (Concurrent Start) (Metadata GC Threshold)
[2024-03-11T02:59:05.925-0400][gc,task     ] GC(4) Using 13 workers of 13 for evacuation
[2024-03-11T02:59:05.929-0400][gc,phases   ] GC(4)   Pre Evacuate Collection Set: 0.1ms
[2024-03-11T02:59:05.929-0400][gc,phases   ] GC(4)   Merge Heap Roots: 0.0ms
[2024-03-11T02:59:05.929-0400][gc,phases   ] GC(4)   Evacuate Collection Set: 4.5ms
[2024-03-11T02:59:05.929-0400][gc,phases   ] GC(4)   Post Evacuate Collection Set: 0.2ms
[2024-03-11T02:59:05.929-0400][gc,phases   ] GC(4)   Other: 0.1ms
[2024-03-11T02:59:05.929-0400][gc,heap     ] GC(4) Eden regions: 13->0(49)
[2024-03-11T02:59:05.929-0400][gc,heap     ] GC(4) Survivor regions: 7->2(7)
[2024-03-11T02:59:05.929-0400][gc,heap     ] GC(4) Old regions: 10->15
[2024-03-11T02:59:05.929-0400][gc,heap     ] GC(4) Humongous regions: 129->129
[2024-03-11T02:59:05.929-0400][gc,metaspace] GC(4) Metaspace: 35691K(35968K)->35691K(35968K) NonClass: 31773K(31936K)->31773K(31936K) Class: 3918K(4032K)->3918K(4032K)
[2024-03-11T02:59:05.929-0400][gc          ] GC(4) Pause Young (Concurrent Start) (Metadata GC Threshold) 157M->145M(1024M) 5.008ms
[2024-03-11T02:59:05.929-0400][gc,cpu      ] GC(4) User=0.00s Sys=0.00s Real=0.00s
[2024-03-11T02:59:05.929-0400][gc          ] GC(5) Concurrent Mark Cycle
[2024-03-11T02:59:05.929-0400][gc,marking  ] GC(5) Concurrent Scan Root Regions
[2024-03-11T02:59:05.931-0400][gc,marking  ] GC(5) Concurrent Scan Root Regions 0.840ms
[2024-03-11T02:59:05.931-0400][gc,marking  ] GC(5) Concurrent Mark
[2024-03-11T02:59:05.931-0400][gc,marking  ] GC(5) Concurrent Mark From Roots
[2024-03-11T02:59:05.931-0400][gc,task     ] GC(5) Using 3 workers of 3 for marking
[2024-03-11T02:59:05.933-0400][gc,marking  ] GC(5) Concurrent Mark From Roots 2.152ms
[2024-03-11T02:59:05.933-0400][gc,marking  ] GC(5) Concurrent Preclean
[2024-03-11T02:59:05.933-0400][gc,marking  ] GC(5) Concurrent Preclean 0.016ms
[2024-03-11T02:59:05.933-0400][gc,start    ] GC(5) Pause Remark
[2024-03-11T02:59:05.934-0400][gc          ] GC(5) Pause Remark 145M->145M(1024M) 0.932ms
[2024-03-11T02:59:05.934-0400][gc,cpu      ] GC(5) User=0.00s Sys=0.00s Real=0.00s
[2024-03-11T02:59:05.934-0400][gc,marking  ] GC(5) Concurrent Mark 3.214ms
[2024-03-11T02:59:05.934-0400][gc,marking  ] GC(5) Concurrent Rebuild Remembered Sets and Scrub Regions
[2024-03-11T02:59:05.935-0400][gc,marking  ] GC(5) Concurrent Rebuild Remembered Sets and Scrub Regions 1.041ms
[2024-03-11T02:59:05.935-0400][gc,start    ] GC(5) Pause Cleanup
[2024-03-11T02:59:05.935-0400][gc          ] GC(5) Pause Cleanup 145M->145M(1024M) 0.051ms
[2024-03-11T02:59:05.935-0400][gc,cpu      ] GC(5) User=0.00s Sys=0.00s Real=0.00s
[2024-03-11T02:59:05.935-0400][gc,marking  ] GC(5) Concurrent Clear Claimed Marks
[2024-03-11T02:59:05.935-0400][gc,marking  ] GC(5) Concurrent Clear Claimed Marks 0.015ms
[2024-03-11T02:59:05.935-0400][gc,marking  ] GC(5) Concurrent Cleanup for Next Mark
[2024-03-11T02:59:05.935-0400][gc,marking  ] GC(5) Concurrent Cleanup for Next Mark 0.412ms
[2024-03-11T02:59:05.935-0400][gc          ] GC(5) Concurrent Mark Cycle 5.774ms
